0 info it worked if it ends with ok
1 verbose cli [ 'C:\\Program Files\\nodejs\\node.exe',
1 verbose cli   'C:\\Program Files\\nodejs\\node_modules\\npm\\bin\\npm-cli.js',
1 verbose cli   'install',
1 verbose cli   '--save',
1 verbose cli   'react-tooltip' ]
2 info using npm@2.15.9
3 info using node@v4.5.0
4 verbose install initial load of C:\Users\xeeadmin\xee\apps\xee_anchoring\package.json
5 warn package.json xee-boilerplate@1.0.0 No description
6 verbose installManyTop reading scoped package data from C:\Users\xeeadmin\xee\apps\xee_anchoring\node_modules\babel-core\package.json
7 verbose installManyTop reading scoped package data from C:\Users\xeeadmin\xee\apps\xee_anchoring\node_modules\babel-loader\package.json
8 verbose installManyTop reading scoped package data from C:\Users\xeeadmin\xee\apps\xee_anchoring\node_modules\babel-polyfill\package.json
9 verbose installManyTop reading scoped package data from C:\Users\xeeadmin\xee\apps\xee_anchoring\node_modules\babel-preset-es2015\package.json
10 verbose installManyTop reading scoped package data from C:\Users\xeeadmin\xee\apps\xee_anchoring\node_modules\babel-preset-react\package.json
11 verbose installManyTop reading scoped package data from C:\Users\xeeadmin\xee\apps\xee_anchoring\node_modules\combine-section-reducers\package.json
12 verbose installManyTop reading scoped package data from C:\Users\xeeadmin\xee\apps\xee_anchoring\node_modules\material-ui\package.json
13 verbose installManyTop reading scoped package data from C:\Users\xeeadmin\xee\apps\xee_anchoring\node_modules\react\package.json
14 verbose installManyTop reading scoped package data from C:\Users\xeeadmin\xee\apps\xee_anchoring\node_modules\react-dom\package.json
15 verbose installManyTop reading scoped package data from C:\Users\xeeadmin\xee\apps\xee_anchoring\node_modules\react-highcharts\package.json
16 verbose installManyTop reading scoped package data from C:\Users\xeeadmin\xee\apps\xee_anchoring\node_modules\react-motion\package.json
17 verbose installManyTop reading scoped package data from C:\Users\xeeadmin\xee\apps\xee_anchoring\node_modules\react-redux\package.json
18 verbose installManyTop reading scoped package data from C:\Users\xeeadmin\xee\apps\xee_anchoring\node_modules\react-swipeable-views\package.json
19 verbose installManyTop reading scoped package data from C:\Users\xeeadmin\xee\apps\xee_anchoring\node_modules\react-tap-event-plugin\package.json
20 verbose installManyTop reading scoped package data from C:\Users\xeeadmin\xee\apps\xee_anchoring\node_modules\react-throttle-render\package.json
21 verbose installManyTop reading scoped package data from C:\Users\xeeadmin\xee\apps\xee_anchoring\node_modules\redux\package.json
22 verbose installManyTop reading scoped package data from C:\Users\xeeadmin\xee\apps\xee_anchoring\node_modules\redux-actions\package.json
23 verbose installManyTop reading scoped package data from C:\Users\xeeadmin\xee\apps\xee_anchoring\node_modules\redux-concatenate-reducers\package.json
24 verbose installManyTop reading scoped package data from C:\Users\xeeadmin\xee\apps\xee_anchoring\node_modules\redux-logger\package.json
25 verbose installManyTop reading scoped package data from C:\Users\xeeadmin\xee\apps\xee_anchoring\node_modules\redux-saga\package.json
26 verbose installManyTop reading scoped package data from C:\Users\xeeadmin\xee\apps\xee_anchoring\node_modules\webpack\package.json
27 info package.json react-tap-event-plugin@2.0.1 No license field.
28 verbose readDependencies loading dependencies from C:\Users\xeeadmin\xee\apps\xee_anchoring\package.json
29 silly cache add args [ 'react-tooltip', null ]
30 verbose cache add spec react-tooltip
31 silly cache add parsed spec Result {
31 silly cache add   raw: 'react-tooltip',
31 silly cache add   scope: null,
31 silly cache add   name: 'react-tooltip',
31 silly cache add   rawSpec: '',
31 silly cache add   spec: 'latest',
31 silly cache add   type: 'tag' }
32 silly addNamed react-tooltip@latest
33 verbose addNamed "latest" is being treated as a dist-tag for react-tooltip
34 info addNameTag [ 'react-tooltip', 'latest' ]
35 silly mapToRegistry name react-tooltip
36 silly mapToRegistry using default registry
37 silly mapToRegistry registry https://registry.npmjs.org/
38 silly mapToRegistry data Result {
38 silly mapToRegistry   raw: 'react-tooltip',
38 silly mapToRegistry   scope: null,
38 silly mapToRegistry   name: 'react-tooltip',
38 silly mapToRegistry   rawSpec: '',
38 silly mapToRegistry   spec: 'latest',
38 silly mapToRegistry   type: 'tag' }
39 silly mapToRegistry uri https://registry.npmjs.org/react-tooltip
40 verbose addNameTag registry:https://registry.npmjs.org/react-tooltip not in flight; fetching
41 verbose request uri https://registry.npmjs.org/react-tooltip
42 verbose request no auth needed
43 info attempt registry request try #1 at 13:12:42
44 verbose request id 2749d3361b77d937
45 verbose etag W/"585a8f2d-342e9"
46 verbose lastModified Wed, 21 Dec 2016 14:18:21 GMT
47 http request GET https://registry.npmjs.org/react-tooltip
48 http 304 https://registry.npmjs.org/react-tooltip
49 verbose headers { date: 'Sat, 24 Dec 2016 04:12:18 GMT',
49 verbose headers   via: '1.1 varnish',
49 verbose headers   'cache-control': 'max-age=300',
49 verbose headers   etag: 'W/"585a8f2d-342e9"',
49 verbose headers   age: '51',
49 verbose headers   connection: 'keep-alive',
49 verbose headers   'x-served-by': 'cache-itm7424-ITM',
49 verbose headers   'x-cache': 'HIT',
49 verbose headers   'x-cache-hits': '1',
49 verbose headers   'x-timer': 'S1482552738.809985,VS0,VE0',
49 verbose headers   vary: 'Accept-Encoding' }
50 silly get cb [ 304,
50 silly get   { date: 'Sat, 24 Dec 2016 04:12:18 GMT',
50 silly get     via: '1.1 varnish',
50 silly get     'cache-control': 'max-age=300',
50 silly get     etag: 'W/"585a8f2d-342e9"',
50 silly get     age: '51',
50 silly get     connection: 'keep-alive',
50 silly get     'x-served-by': 'cache-itm7424-ITM',
50 silly get     'x-cache': 'HIT',
50 silly get     'x-cache-hits': '1',
50 silly get     'x-timer': 'S1482552738.809985,VS0,VE0',
50 silly get     vary: 'Accept-Encoding' } ]
51 verbose etag https://registry.npmjs.org/react-tooltip from cache
52 verbose get saving react-tooltip to C:\Users\xeeadmin\AppData\Roaming\npm-cache\registry.npmjs.org\react-tooltip\.cache.json
53 verbose correctMkdir C:\Users\xeeadmin\AppData\Roaming\npm-cache correctMkdir not in flight; initializing
54 silly addNameTag next cb for react-tooltip with tag latest
55 silly addNamed react-tooltip@3.2.2
56 verbose addNamed "3.2.2" is a plain semver version for react-tooltip
57 silly cache afterAdd react-tooltip@3.2.2
58 verbose afterAdd C:\Users\xeeadmin\AppData\Roaming\npm-cache\react-tooltip\3.2.2\package\package.json not in flight; writing
59 verbose correctMkdir C:\Users\xeeadmin\AppData\Roaming\npm-cache correctMkdir not in flight; initializing
60 verbose afterAdd C:\Users\xeeadmin\AppData\Roaming\npm-cache\react-tooltip\3.2.2\package\package.json written
61 silly install resolved [ { name: 'react-tooltip',
61 silly install resolved     version: '3.2.2',
61 silly install resolved     description: 'react tooltip component',
61 silly install resolved     main: 'dist/index.js',
61 silly install resolved     scripts: { test: 'make test', start: 'make dev', deploy: 'make deploy' },
61 silly install resolved     standard: { parser: 'babel-eslint', ignore: [Object] },
61 silly install resolved     repository:
61 silly install resolved      { type: 'git',
61 silly install resolved        url: 'git+https://github.com/wwayne/react-tooltip.git' },
61 silly install resolved     keywords: [ 'react', 'react-component', 'tooltip', 'react-tooltip' ],
61 silly install resolved     author: { name: 'wwayne' },
61 silly install resolved     license: 'MIT',
61 silly install resolved     bugs: { url: 'https://github.com/wwayne/react-tooltip/issues' },
61 silly install resolved     homepage: 'https://github.com/wwayne/react-tooltip',
61 silly install resolved     'browserify-shim': { react: 'global:React', 'react-dom': 'global:ReactDOM' },
61 silly install resolved     peerDependencies:
61 silly install resolved      { react: '^0.14.0 || ^15.0.0',
61 silly install resolved        'react-dom': '^0.14.0 || ^15.0.0' },
61 silly install resolved     dependencies: { classnames: '^2.2.0' },
61 silly install resolved     devDependencies:
61 silly install resolved      { 'babel-cli': '^6.5.1',
61 silly install resolved        'babel-core': '^6.9.1',
61 silly install resolved        'babel-eslint': '^4.1.1',
61 silly install resolved        'babel-plugin-transform-decorators-legacy': '^1.3.4',
61 silly install resolved        'babel-plugin-transform-runtime': '^6.5.0',
61 silly install resolved        'babel-preset-es2015': '^6.5.0',
61 silly install resolved        'babel-preset-react': '^6.5.0',
61 silly install resolved        'babel-preset-stage-0': '^6.5.0',
61 silly install resolved        babelify: '^7.2.0',
61 silly install resolved        browserify: '^13.0.0',
61 silly install resolved        'browserify-shim': '^3.8.12',
61 silly install resolved        chai: '^3.5.0',
61 silly install resolved        'chai-enzyme': '^0.5.0',
61 silly install resolved        concurrently: '^2.1.0',
61 silly install resolved        enzyme: '^2.3.0',
61 silly install resolved        'http-server': '^0.8.0',
61 silly install resolved        jsdom: '^9.2.1',
61 silly install resolved        mocha: '^2.5.3',
61 silly install resolved        'node-sass': '^3.7.0',
61 silly install resolved        'react-addons-test-utils': '^15.1.0',
61 silly install resolved        sinon: '^1.17.4',
61 silly install resolved        snazzy: '^2.0.1',
61 silly install resolved        standard: '^5.2.2',
61 silly install resolved        uglifyjs: '^2.4.10',
61 silly install resolved        watchify: '^3.2.1' },
61 silly install resolved     gitHead: '1ebb058b32554ead681a26bd9e1e6d88378ce53a',
61 silly install resolved     _id: 'react-tooltip@3.2.2',
61 silly install resolved     _shasum: '3a599c0eabbd9eb9597aa2d72b217fd7ba358767',
61 silly install resolved     _from: 'react-tooltip@latest',
61 silly install resolved     _npmVersion: '3.10.3',
61 silly install resolved     _nodeVersion: '6.4.0',
61 silly install resolved     _npmUser: { name: 'wwayne', email: 'wayne.wang0821@gmail.com' },
61 silly install resolved     dist:
61 silly install resolved      { shasum: '3a599c0eabbd9eb9597aa2d72b217fd7ba358767',
61 silly install resolved        tarball: 'https://registry.npmjs.org/react-tooltip/-/react-tooltip-3.2.2.tgz' },
61 silly install resolved     maintainers: [ [Object] ],
61 silly install resolved     _npmOperationalInternal:
61 silly install resolved      { host: 'packages-12-west.internal.npmjs.com',
61 silly install resolved        tmp: 'tmp/react-tooltip-3.2.2.tgz_1479889463132_0.387417315505445' },
61 silly install resolved     directories: {},
61 silly install resolved     _resolved: 'https://registry.npmjs.org/react-tooltip/-/react-tooltip-3.2.2.tgz',
61 silly install resolved     readme: 'ERROR: No README data found!' } ]
62 info install react-tooltip@3.2.2 into C:\Users\xeeadmin\xee\apps\xee_anchoring
63 info installOne react-tooltip@3.2.2
64 verbose installOne of react-tooltip to C:\Users\xeeadmin\xee\apps\xee_anchoring not in flight; installing
65 verbose correctMkdir C:\Users\xeeadmin\AppData\Roaming\npm-cache\_locks correctMkdir not in flight; initializing
66 verbose lock using C:\Users\xeeadmin\AppData\Roaming\npm-cache\_locks\react-tooltip-504071857781e041.lock for C:\Users\xeeadmin\xee\apps\xee_anchoring\node_modules\react-tooltip
67 silly install write writing react-tooltip 3.2.2 to C:\Users\xeeadmin\xee\apps\xee_anchoring\node_modules\react-tooltip
68 verbose unbuild node_modules\react-tooltip
69 silly gentlyRm C:\Users\xeeadmin\xee\apps\xee_anchoring\node_modules\react-tooltip is being purged from base C:\Users\xeeadmin\xee\apps\xee_anchoring
70 verbose gentlyRm don't care about contents; nuking C:\Users\xeeadmin\xee\apps\xee_anchoring\node_modules\react-tooltip
71 verbose tar unpack C:\Users\xeeadmin\AppData\Roaming\npm-cache\react-tooltip\3.2.2\package.tgz
72 verbose tar unpacking to C:\Users\xeeadmin\xee\apps\xee_anchoring\node_modules\react-tooltip
73 silly gentlyRm C:\Users\xeeadmin\xee\apps\xee_anchoring\node_modules\react-tooltip is being purged
74 verbose gentlyRm don't care about contents; nuking C:\Users\xeeadmin\xee\apps\xee_anchoring\node_modules\react-tooltip
75 silly gunzTarPerm modes [ '777', '666' ]
76 silly gunzTarPerm extractEntry package.json
77 silly gunzTarPerm modified mode [ 'package.json', 420, 438 ]
78 silly gunzTarPerm extractEntry .npmignore
79 silly gunzTarPerm modified mode [ '.npmignore', 420, 438 ]
80 silly gunzTarPerm extractEntry README.md
81 silly gunzTarPerm modified mode [ 'README.md', 420, 438 ]
82 silly gunzTarPerm extractEntry LICENSE
83 silly gunzTarPerm modified mode [ 'LICENSE', 420, 438 ]
84 silly gunzTarPerm extractEntry CHANGELOG.md
85 silly gunzTarPerm modified mode [ 'CHANGELOG.md', 420, 438 ]
86 silly gunzTarPerm extractEntry Makefile
87 silly gunzTarPerm modified mode [ 'Makefile', 420, 438 ]
88 silly gunzTarPerm extractEntry bower.json
89 silly gunzTarPerm modified mode [ 'bower.json', 420, 438 ]
90 silly gunzTarPerm extractEntry dist/constant.js
91 silly gunzTarPerm modified mode [ 'dist/constant.js', 420, 438 ]
92 silly gunzTarPerm extractEntry dist/index.js
93 silly gunzTarPerm modified mode [ 'dist/index.js', 420, 438 ]
94 silly gunzTarPerm extractEntry dist/style.js
95 silly gunzTarPerm modified mode [ 'dist/style.js', 420, 438 ]
96 silly gunzTarPerm extractEntry dist/decorators/customEvent.js
97 silly gunzTarPerm modified mode [ 'dist/decorators/customEvent.js', 420, 438 ]
98 silly gunzTarPerm extractEntry dist/decorators/isCapture.js
99 silly gunzTarPerm modified mode [ 'dist/decorators/isCapture.js', 420, 438 ]
100 silly gunzTarPerm extractEntry dist/decorators/staticMethods.js
101 silly gunzTarPerm modified mode [ 'dist/decorators/staticMethods.js', 420, 438 ]
102 silly gunzTarPerm extractEntry dist/decorators/windowListener.js
103 silly gunzTarPerm modified mode [ 'dist/decorators/windowListener.js', 420, 438 ]
104 silly gunzTarPerm extractEntry dist/utils/aria.js
105 silly gunzTarPerm modified mode [ 'dist/utils/aria.js', 420, 438 ]
106 silly gunzTarPerm extractEntry dist/utils/getPosition.js
107 silly gunzTarPerm modified mode [ 'dist/utils/getPosition.js', 420, 438 ]
108 silly gunzTarPerm extractEntry dist/utils/getTipContent.js
109 silly gunzTarPerm modified mode [ 'dist/utils/getTipContent.js', 420, 438 ]
110 silly gunzTarPerm extractEntry standalone/react-tooltip.js
111 silly gunzTarPerm modified mode [ 'standalone/react-tooltip.js', 420, 438 ]
112 silly gunzTarPerm extractEntry standalone/react-tooltip.min.js
113 silly gunzTarPerm modified mode [ 'standalone/react-tooltip.min.js', 420, 438 ]
114 verbose write writing to C:\Users\xeeadmin\xee\apps\xee_anchoring\node_modules\react-tooltip\package.json
115 info preinstall react-tooltip@3.2.2
116 verbose readDependencies loading dependencies from C:\Users\xeeadmin\xee\apps\xee_anchoring\node_modules\react-tooltip\package.json
117 silly prepareForInstallMany adding classnames@^2.2.0 from react-tooltip dependencies
118 verbose readDependencies loading dependencies from C:\Users\xeeadmin\xee\apps\xee_anchoring\node_modules\react-tooltip\package.json
119 silly cache add args [ 'classnames@^2.2.0', null ]
120 verbose cache add spec classnames@^2.2.0
121 silly cache add parsed spec Result {
121 silly cache add   raw: 'classnames@^2.2.0',
121 silly cache add   scope: null,
121 silly cache add   name: 'classnames',
121 silly cache add   rawSpec: '^2.2.0',
121 silly cache add   spec: '>=2.2.0 <3.0.0',
121 silly cache add   type: 'range' }
122 silly addNamed classnames@>=2.2.0 <3.0.0
123 verbose addNamed ">=2.2.0 <3.0.0" is a valid semver range for classnames
124 silly addNameRange { name: 'classnames', range: '>=2.2.0 <3.0.0', hasData: false }
125 silly mapToRegistry name classnames
126 silly mapToRegistry using default registry
127 silly mapToRegistry registry https://registry.npmjs.org/
128 silly mapToRegistry data Result {
128 silly mapToRegistry   raw: 'classnames',
128 silly mapToRegistry   scope: null,
128 silly mapToRegistry   name: 'classnames',
128 silly mapToRegistry   rawSpec: '',
128 silly mapToRegistry   spec: 'latest',
128 silly mapToRegistry   type: 'tag' }
129 silly mapToRegistry uri https://registry.npmjs.org/classnames
130 verbose addNameRange registry:https://registry.npmjs.org/classnames not in flight; fetching
131 verbose request uri https://registry.npmjs.org/classnames
132 verbose request no auth needed
133 info attempt registry request try #1 at 13:12:44
134 verbose etag W/"585d1abd-808d"
135 verbose lastModified Fri, 23 Dec 2016 12:38:21 GMT
136 http request GET https://registry.npmjs.org/classnames
137 http 304 https://registry.npmjs.org/classnames
138 verbose headers { date: 'Sat, 24 Dec 2016 04:12:20 GMT',
138 verbose headers   via: '1.1 varnish',
138 verbose headers   'cache-control': 'max-age=300',
138 verbose headers   etag: 'W/"585d1abd-808d"',
138 verbose headers   age: '195',
138 verbose headers   connection: 'keep-alive',
138 verbose headers   'x-served-by': 'cache-itm7424-ITM',
138 verbose headers   'x-cache': 'HIT',
138 verbose headers   'x-cache-hits': '2',
138 verbose headers   'x-timer': 'S1482552740.230444,VS0,VE0',
138 verbose headers   vary: 'Accept-Encoding' }
139 silly get cb [ 304,
139 silly get   { date: 'Sat, 24 Dec 2016 04:12:20 GMT',
139 silly get     via: '1.1 varnish',
139 silly get     'cache-control': 'max-age=300',
139 silly get     etag: 'W/"585d1abd-808d"',
139 silly get     age: '195',
139 silly get     connection: 'keep-alive',
139 silly get     'x-served-by': 'cache-itm7424-ITM',
139 silly get     'x-cache': 'HIT',
139 silly get     'x-cache-hits': '2',
139 silly get     'x-timer': 'S1482552740.230444,VS0,VE0',
139 silly get     vary: 'Accept-Encoding' } ]
140 verbose etag https://registry.npmjs.org/classnames from cache
141 verbose get saving classnames to C:\Users\xeeadmin\AppData\Roaming\npm-cache\registry.npmjs.org\classnames\.cache.json
142 verbose correctMkdir C:\Users\xeeadmin\AppData\Roaming\npm-cache correctMkdir not in flight; initializing
143 silly addNameRange number 2 { name: 'classnames', range: '>=2.2.0 <3.0.0', hasData: true }
144 silly addNameRange versions [ 'classnames',
144 silly addNameRange   [ '1.0.0',
144 silly addNameRange     '1.1.0',
144 silly addNameRange     '1.1.1',
144 silly addNameRange     '1.1.2',
144 silly addNameRange     '1.1.3',
144 silly addNameRange     '1.1.4',
144 silly addNameRange     '1.2.0',
144 silly addNameRange     '1.2.1',
144 silly addNameRange     '1.2.2',
144 silly addNameRange     '2.0.0',
144 silly addNameRange     '2.1.0',
144 silly addNameRange     '2.1.1',
144 silly addNameRange     '2.1.2',
144 silly addNameRange     '2.1.3',
144 silly addNameRange     '2.1.4',
144 silly addNameRange     '2.1.5',
144 silly addNameRange     '2.2.0',
144 silly addNameRange     '2.2.1',
144 silly addNameRange     '2.2.2',
144 silly addNameRange     '2.2.3',
144 silly addNameRange     '2.2.4',
144 silly addNameRange     '2.2.5' ] ]
145 silly addNamed classnames@2.2.5
146 verbose addNamed "2.2.5" is a plain semver version for classnames
147 silly cache afterAdd classnames@2.2.5
148 verbose afterAdd C:\Users\xeeadmin\AppData\Roaming\npm-cache\classnames\2.2.5\package\package.json not in flight; writing
149 verbose correctMkdir C:\Users\xeeadmin\AppData\Roaming\npm-cache correctMkdir not in flight; initializing
150 verbose afterAdd C:\Users\xeeadmin\AppData\Roaming\npm-cache\classnames\2.2.5\package\package.json written
151 silly install resolved [ { name: 'classnames',
151 silly install resolved     version: '2.2.5',
151 silly install resolved     description: 'A simple utility for conditionally joining classNames together',
151 silly install resolved     main: 'index.js',
151 silly install resolved     author: { name: 'Jed Watson' },
151 silly install resolved     license: 'MIT',
151 silly install resolved     repository:
151 silly install resolved      { type: 'git',
151 silly install resolved        url: 'git+https://github.com/JedWatson/classnames.git' },
151 silly install resolved     scripts:
151 silly install resolved      { benchmarks: 'node ./benchmarks/run',
151 silly install resolved        unit: 'mocha tests/*.js',
151 silly install resolved        test: 'npm run unit' },
151 silly install resolved     keywords:
151 silly install resolved      [ 'react',
151 silly install resolved        'css',
151 silly install resolved        'classes',
151 silly install resolved        'classname',
151 silly install resolved        'classnames',
151 silly install resolved        'util',
151 silly install resolved        'utility' ],
151 silly install resolved     devDependencies: { benchmark: '^1.0.0', mocha: '^2.1.0' },
151 silly install resolved     gitHead: '1fc62c0490bfc7d67a1178bbb60897cfa0580c7b',
151 silly install resolved     bugs: { url: 'https://github.com/JedWatson/classnames/issues' },
151 silly install resolved     homepage: 'https://github.com/JedWatson/classnames#readme',
151 silly install resolved     _id: 'classnames@2.2.5',
151 silly install resolved     _shasum: 'fb3801d453467649ef3603c7d61a02bd129bde6d',
151 silly install resolved     _from: 'classnames@>=2.2.0 <3.0.0',
151 silly install resolved     _npmVersion: '3.3.6',
151 silly install resolved     _nodeVersion: '5.0.0',
151 silly install resolved     _npmUser: { name: 'jedwatson', email: 'jed.watson@me.com' },
151 silly install resolved     maintainers: [ [Object] ],
151 silly install resolved     dist:
151 silly install resolved      { shasum: 'fb3801d453467649ef3603c7d61a02bd129bde6d',
151 silly install resolved        tarball: 'https://registry.npmjs.org/classnames/-/classnames-2.2.5.tgz' },
151 silly install resolved     _npmOperationalInternal:
151 silly install resolved      { host: 'packages-12-west.internal.npmjs.com',
151 silly install resolved        tmp: 'tmp/classnames-2.2.5.tgz_1462195436082_0.17347457958385348' },
151 silly install resolved     directories: {},
151 silly install resolved     _resolved: 'https://registry.npmjs.org/classnames/-/classnames-2.2.5.tgz',
151 silly install resolved     readme: 'ERROR: No README data found!' } ]
152 info install classnames@2.2.5 into C:\Users\xeeadmin\xee\apps\xee_anchoring\node_modules\react-tooltip
153 info installOne classnames@2.2.5
154 verbose installOne of classnames to C:\Users\xeeadmin\xee\apps\xee_anchoring\node_modules\react-tooltip not in flight; installing
155 verbose correctMkdir C:\Users\xeeadmin\AppData\Roaming\npm-cache\_locks correctMkdir not in flight; initializing
156 verbose lock using C:\Users\xeeadmin\AppData\Roaming\npm-cache\_locks\classnames-9e69424765d0ff5b.lock for C:\Users\xeeadmin\xee\apps\xee_anchoring\node_modules\react-tooltip\node_modules\classnames
157 silly install write writing classnames 2.2.5 to C:\Users\xeeadmin\xee\apps\xee_anchoring\node_modules\react-tooltip\node_modules\classnames
158 verbose unbuild node_modules\react-tooltip\node_modules\classnames
159 silly gentlyRm C:\Users\xeeadmin\xee\apps\xee_anchoring\node_modules\react-tooltip\node_modules\classnames is being purged from base C:\Users\xeeadmin\xee\apps\xee_anchoring
160 verbose gentlyRm don't care about contents; nuking C:\Users\xeeadmin\xee\apps\xee_anchoring\node_modules\react-tooltip\node_modules\classnames
161 verbose tar unpack C:\Users\xeeadmin\AppData\Roaming\npm-cache\classnames\2.2.5\package.tgz
162 verbose tar unpacking to C:\Users\xeeadmin\xee\apps\xee_anchoring\node_modules\react-tooltip\node_modules\classnames
163 silly gentlyRm C:\Users\xeeadmin\xee\apps\xee_anchoring\node_modules\react-tooltip\node_modules\classnames is being purged
164 verbose gentlyRm don't care about contents; nuking C:\Users\xeeadmin\xee\apps\xee_anchoring\node_modules\react-tooltip\node_modules\classnames
165 silly gunzTarPerm modes [ '777', '666' ]
166 silly gunzTarPerm extractEntry package.json
167 silly gunzTarPerm modified mode [ 'package.json', 420, 438 ]
168 silly gunzTarPerm extractEntry README.md
169 silly gunzTarPerm modified mode [ 'README.md', 420, 438 ]
170 silly gunzTarPerm extractEntry LICENSE
171 silly gunzTarPerm modified mode [ 'LICENSE', 420, 438 ]
172 silly gunzTarPerm extractEntry bind.js
173 silly gunzTarPerm modified mode [ 'bind.js', 420, 438 ]
174 silly gunzTarPerm extractEntry dedupe.js
175 silly gunzTarPerm modified mode [ 'dedupe.js', 420, 438 ]
176 silly gunzTarPerm extractEntry index.js
177 silly gunzTarPerm modified mode [ 'index.js', 420, 438 ]
178 silly gunzTarPerm extractEntry CONTRIBUTING.md
179 silly gunzTarPerm modified mode [ 'CONTRIBUTING.md', 420, 438 ]
180 silly gunzTarPerm extractEntry bower.json
181 silly gunzTarPerm modified mode [ 'bower.json', 420, 438 ]
182 silly gunzTarPerm extractEntry HISTORY.md
183 silly gunzTarPerm modified mode [ 'HISTORY.md', 420, 438 ]
184 verbose write writing to C:\Users\xeeadmin\xee\apps\xee_anchoring\node_modules\react-tooltip\node_modules\classnames\package.json
185 info preinstall classnames@2.2.5
186 verbose readDependencies loading dependencies from C:\Users\xeeadmin\xee\apps\xee_anchoring\node_modules\react-tooltip\node_modules\classnames\package.json
187 verbose readDependencies loading dependencies from C:\Users\xeeadmin\xee\apps\xee_anchoring\node_modules\react-tooltip\node_modules\classnames\package.json
188 silly install resolved []
189 verbose about to build C:\Users\xeeadmin\xee\apps\xee_anchoring\node_modules\react-tooltip\node_modules\classnames
190 info build C:\Users\xeeadmin\xee\apps\xee_anchoring\node_modules\react-tooltip\node_modules\classnames
191 info linkStuff classnames@2.2.5
192 silly linkStuff classnames@2.2.5 has C:\Users\xeeadmin\xee\apps\xee_anchoring\node_modules\react-tooltip\node_modules as its parent node_modules
193 verbose linkBins classnames@2.2.5
194 verbose linkMans classnames@2.2.5
195 verbose rebuildBundles classnames@2.2.5
196 info install classnames@2.2.5
197 info postinstall classnames@2.2.5
198 verbose unlock done using C:\Users\xeeadmin\AppData\Roaming\npm-cache\_locks\classnames-9e69424765d0ff5b.lock for C:\Users\xeeadmin\xee\apps\xee_anchoring\node_modules\react-tooltip\node_modules\classnames
199 verbose about to build C:\Users\xeeadmin\xee\apps\xee_anchoring\node_modules\react-tooltip
200 info build C:\Users\xeeadmin\xee\apps\xee_anchoring\node_modules\react-tooltip
201 info linkStuff react-tooltip@3.2.2
202 silly linkStuff react-tooltip@3.2.2 has C:\Users\xeeadmin\xee\apps\xee_anchoring\node_modules as its parent node_modules
203 verbose linkBins react-tooltip@3.2.2
204 verbose linkMans react-tooltip@3.2.2
205 verbose rebuildBundles react-tooltip@3.2.2
206 verbose rebuildBundles [ 'classnames' ]
207 info install react-tooltip@3.2.2
208 info postinstall react-tooltip@3.2.2
209 verbose unlock done using C:\Users\xeeadmin\AppData\Roaming\npm-cache\_locks\react-tooltip-504071857781e041.lock for C:\Users\xeeadmin\xee\apps\xee_anchoring\node_modules\react-tooltip
210 verbose validateInstall loading C:\Users\xeeadmin\xee\apps\xee_anchoring\package.json for validation
211 verbose stack Error: The package react-tap-event-plugin@2.0.1 does not satisfy its siblings' peerDependencies requirements!
211 verbose stack     at C:\Program Files\nodejs\node_modules\npm\lib\install.js:125:32
211 verbose stack     at C:\Program Files\nodejs\node_modules\npm\lib\install.js:268:7
211 verbose stack     at C:\Program Files\nodejs\node_modules\npm\node_modules\read-installed\read-installed.js:142:5
211 verbose stack     at C:\Program Files\nodejs\node_modules\npm\node_modules\read-installed\read-installed.js:263:14
211 verbose stack     at cb (C:\Program Files\nodejs\node_modules\npm\node_modules\slide\lib\async-map.js:47:24)
211 verbose stack     at C:\Program Files\nodejs\node_modules\npm\node_modules\read-installed\read-installed.js:263:14
211 verbose stack     at cb (C:\Program Files\nodejs\node_modules\npm\node_modules\slide\lib\async-map.js:47:24)
211 verbose stack     at C:\Program Files\nodejs\node_modules\npm\node_modules\read-installed\read-installed.js:263:14
211 verbose stack     at cb (C:\Program Files\nodejs\node_modules\npm\node_modules\slide\lib\async-map.js:47:24)
211 verbose stack     at C:\Program Files\nodejs\node_modules\npm\node_modules\read-installed\read-installed.js:263:14
212 verbose cwd C:\Users\xeeadmin\xee\apps\xee_anchoring
213 error Windows_NT 10.0.14393
214 error argv "C:\\Program Files\\nodejs\\node.exe" "C:\\Program Files\\nodejs\\node_modules\\npm\\bin\\npm-cli.js" "install" "--save" "react-tooltip"
215 error node v4.5.0
216 error npm  v2.15.9
217 error code EPEERINVALID
218 error peerinvalid The package react-tap-event-plugin@2.0.1 does not satisfy its siblings' peerDependencies requirements!
218 error peerinvalid Peer material-ui@0.15.4 wants react-tap-event-plugin@^1.0.0
219 verbose exit [ 1, true ]
